2026-03-20T08:04:28.548+08:00  INFO 38751 --- [MindOS] [main] c.z.m.a.api.im.ImWebhookControllerTest   : Starting ImWebhookControllerTest using Java 17.0.15 with PID 38751 (started by yuzhongbo in /Users/yuzhongbo/workspace/projects/MindOS/assistant-api)
2026-03-20T08:04:28.564+08:00  INFO 38751 --- [MindOS] [main] c.z.m.a.api.im.ImWebhookControllerTest   : No active profile set, falling back to 1 default profile: "default"
2026-03-20T08:04:29.702+08:00  INFO 38751 --- [MindOS] [main] c.z.m.a.skill.loader.CustomSkillLoader   : CustomSkillLoader: mindos.skills.custom-dir not set, skipping custom skill loading.
2026-03-20T08:04:30.147+08:00  INFO 38751 --- [MindOS] [main] o.s.b.t.m.w.SpringBootMockServletContext : Initializing Spring TestDispatcherServlet ''
2026-03-20T08:04:30.147+08:00  INFO 38751 --- [MindOS] [main] o.s.t.web.servlet.TestDispatcherServlet  : Initializing Servlet ''
2026-03-20T08:04:30.148+08:00  INFO 38751 --- [MindOS] [main] o.s.t.web.servlet.TestDispatcherServlet  : Completed initialization in 0 ms
2026-03-20T08:04:30.160+08:00  INFO 38751 --- [MindOS] [main] c.z.m.a.api.im.ImWebhookControllerTest   : Started ImWebhookControllerTest in 1.938 seconds (process running for 3.057)
2026-03-20T08:04:31.372+08:00  INFO 38751 --- [MindOS] [main] c.z.m.a.dispatcher.DispatcherService     : Dispatcher input: userId=im:wechat:fromUser, input=echo wechat
2026-03-20T08:04:31.382+08:00  INFO 38751 --- [MindOS] [main] c.z.m.a.dispatcher.DispatcherService     : Dispatcher route=rule, userId=im:wechat:fromUser, skill=echo
2026-03-20T08:04:31.391+08:00  INFO 38751 --- [MindOS] [pool-3-thread-1] c.z.mindos.assistant.skill.SkillEngine   : Skill execution started: skill=echo, userId=im:wechat:fromUser, parameters={text=wechat}, startTime=2026-03-20T00:04:31.384530Z
2026-03-20T08:04:31.400+08:00  INFO 38751 --- [MindOS] [pool-3-thread-1] c.z.mindos.assistant.skill.SkillEngine   : Skill execution finished: skill=echo, userId=im:wechat:fromUser, parameters={text=wechat}, startTime=2026-03-20T00:04:31.384530Z, endTime=2026-03-20T00:04:31.392459Z, durationMs=7, success=true
2026-03-20T08:04:31.407+08:00  INFO 38751 --- [MindOS] [pool-3-thread-1] c.z.m.a.dispatcher.DispatcherService     : Dispatcher output: userId=im:wechat:fromUser, channel=echo, output=wechat, durationMs=32
2026-03-20T08:04:31.417+08:00  INFO 38751 --- [MindOS] [main] c.z.m.a.dispatcher.DispatcherService     : Dispatcher input: userId=im:dingtalk:ding-user, input=echo hi
2026-03-20T08:04:31.418+08:00  INFO 38751 --- [MindOS] [main] c.z.m.a.dispatcher.DispatcherService     : Dispatcher route=rule, userId=im:dingtalk:ding-user, skill=echo
2026-03-20T08:04:31.418+08:00  INFO 38751 --- [MindOS] [pool-3-thread-2] c.z.mindos.assistant.skill.SkillEngine   : Skill execution started: skill=echo, userId=im:dingtalk:ding-user, parameters={text=hi}, startTime=2026-03-20T00:04:31.418376Z
2026-03-20T08:04:31.418+08:00  INFO 38751 --- [MindOS] [pool-3-thread-2] c.z.mindos.assistant.skill.SkillEngine   : Skill execution finished: skill=echo, userId=im:dingtalk:ding-user, parameters={text=hi}, startTime=2026-03-20T00:04:31.418376Z, endTime=2026-03-20T00:04:31.418507Z, durationMs=0, success=true
2026-03-20T08:04:31.418+08:00  INFO 38751 --- [MindOS] [pool-3-thread-2] c.z.m.a.dispatcher.DispatcherService     : Dispatcher output: userId=im:dingtalk:ding-user, channel=echo, output=hi, durationMs=1
2026-03-20T08:04:31.437+08:00  INFO 38751 --- [MindOS] [main] c.z.m.a.dispatcher.DispatcherService     : Dispatcher input: userId=im:feishu:ou_123, input=echo hello
2026-03-20T08:04:31.438+08:00  INFO 38751 --- [MindOS] [main] c.z.m.a.dispatcher.DispatcherService     : Dispatcher route=rule, userId=im:feishu:ou_123, skill=echo
2026-03-20T08:04:31.442+08:00  INFO 38751 --- [MindOS] [pool-3-thread-3] c.z.mindos.assistant.skill.SkillEngine   : Skill execution started: skill=echo, userId=im:feishu:ou_123, parameters={text=hello}, startTime=2026-03-20T00:04:31.442008Z
2026-03-20T08:04:31.442+08:00  INFO 38751 --- [MindOS] [pool-3-thread-3] c.z.mindos.assistant.skill.SkillEngine   : Skill execution finished: skill=echo, userId=im:feishu:ou_123, parameters={text=hello}, startTime=2026-03-20T00:04:31.442008Z, endTime=2026-03-20T00:04:31.442698Z, durationMs=0, success=true
2026-03-20T08:04:31.443+08:00  INFO 38751 --- [MindOS] [pool-3-thread-3] c.z.m.a.dispatcher.DispatcherService     : Dispatcher output: userId=im:feishu:ou_123, channel=echo, output=hello, durationMs=6
2026-03-20T18:32:42.197+08:00  INFO 54487 --- [MindOS] [main] c.z.m.a.api.im.ImWebhookControllerTest   : Starting ImWebhookControllerTest using Java 17.0.15 with PID 54487 (started by yuzhongbo in /Users/yuzhongbo/workspace/projects/MindOS/assistant-api)
2026-03-20T18:32:42.199+08:00  INFO 54487 --- [MindOS] [main] c.z.m.a.api.im.ImWebhookControllerTest   : No active profile set, falling back to 1 default profile: "default"
2026-03-20T18:32:42.699+08:00  INFO 54487 --- [MindOS] [main] c.z.m.a.skill.loader.CustomSkillLoader   : CustomSkillLoader: mindos.skills.custom-dir not set, skipping custom skill loading.
2026-03-20T18:32:43.061+08:00  INFO 54487 --- [MindOS] [main] o.s.b.t.m.w.SpringBootMockServletContext : Initializing Spring TestDispatcherServlet ''
2026-03-20T18:32:43.062+08:00  INFO 54487 --- [MindOS] [main] o.s.t.web.servlet.TestDispatcherServlet  : Initializing Servlet ''
2026-03-20T18:32:43.062+08:00  INFO 54487 --- [MindOS] [main] o.s.t.web.servlet.TestDispatcherServlet  : Completed initialization in 0 ms
2026-03-20T18:32:43.095+08:00  INFO 54487 --- [MindOS] [main] c.z.m.a.api.im.ImWebhookControllerTest   : Started ImWebhookControllerTest in 1.075 seconds (process running for 2.375)
2026-03-20T18:32:43.209+08:00  INFO 54487 --- [MindOS] [main] c.z.m.a.dispatcher.DispatcherService     : Dispatcher input: userId=im:wechat:fromUser, input=echo wechat
2026-03-20T18:32:43.212+08:00  INFO 54487 --- [MindOS] [main] c.z.m.a.dispatcher.DispatcherService     : Dispatcher route=rule, userId=im:wechat:fromUser, skill=echo
2026-03-20T18:32:43.215+08:00  INFO 54487 --- [MindOS] [pool-3-thread-1] c.z.mindos.assistant.skill.SkillEngine   : Skill execution started: skill=echo, userId=im:wechat:fromUser, parameters={text=wechat}, startTime=2026-03-20T10:32:43.213355Z
2026-03-20T18:32:43.217+08:00  INFO 54487 --- [MindOS] [pool-3-thread-1] c.z.mindos.assistant.skill.SkillEngine   : Skill execution finished: skill=echo, userId=im:wechat:fromUser, parameters={text=wechat}, startTime=2026-03-20T10:32:43.213355Z, endTime=2026-03-20T10:32:43.215581Z, durationMs=2, success=true
2026-03-20T18:32:43.219+08:00  INFO 54487 --- [MindOS] [pool-3-thread-1] c.z.m.a.dispatcher.DispatcherService     : Dispatcher output: userId=im:wechat:fromUser, channel=echo, output=wechat, durationMs=8
2026-03-20T18:32:43.224+08:00  INFO 54487 --- [MindOS] [main] c.z.m.a.dispatcher.DispatcherService     : Dispatcher input: userId=im:dingtalk:ding-user, input=echo hi
2026-03-20T18:32:43.224+08:00  INFO 54487 --- [MindOS] [main] c.z.m.a.dispatcher.DispatcherService     : Dispatcher route=rule, userId=im:dingtalk:ding-user, skill=echo
2026-03-20T18:32:43.224+08:00  INFO 54487 --- [MindOS] [pool-3-thread-2] c.z.mindos.assistant.skill.SkillEngine   : Skill execution started: skill=echo, userId=im:dingtalk:ding-user, parameters={text=hi}, startTime=2026-03-20T10:32:43.224932Z
2026-03-20T18:32:43.225+08:00  INFO 54487 --- [MindOS] [pool-3-thread-2] c.z.mindos.assistant.skill.SkillEngine   : Skill execution finished: skill=echo, userId=im:dingtalk:ding-user, parameters={text=hi}, startTime=2026-03-20T10:32:43.224932Z, endTime=2026-03-20T10:32:43.225045Z, durationMs=0, success=true
2026-03-20T18:32:43.225+08:00  INFO 54487 --- [MindOS] [pool-3-thread-2] c.z.m.a.dispatcher.DispatcherService     : Dispatcher output: userId=im:dingtalk:ding-user, channel=echo, output=hi, durationMs=0
2026-03-20T18:32:43.234+08:00  INFO 54487 --- [MindOS] [main] c.z.m.a.dispatcher.DispatcherService     : Dispatcher input: userId=im:feishu:ou_123, input=echo hello
2026-03-20T18:32:43.234+08:00  INFO 54487 --- [MindOS] [main] c.z.m.a.dispatcher.DispatcherService     : Dispatcher route=rule, userId=im:feishu:ou_123, skill=echo
2026-03-20T18:32:43.234+08:00  INFO 54487 --- [MindOS] [pool-3-thread-3] c.z.mindos.assistant.skill.SkillEngine   : Skill execution started: skill=echo, userId=im:feishu:ou_123, parameters={text=hello}, startTime=2026-03-20T10:32:43.234591Z
2026-03-20T18:32:43.234+08:00  INFO 54487 --- [MindOS] [pool-3-thread-3] c.z.mindos.assistant.skill.SkillEngine   : Skill execution finished: skill=echo, userId=im:feishu:ou_123, parameters={text=hello}, startTime=2026-03-20T10:32:43.234591Z, endTime=2026-03-20T10:32:43.234688Z, durationMs=0, success=true
2026-03-20T18:32:43.234+08:00  INFO 54487 --- [MindOS] [pool-3-thread-3] c.z.m.a.dispatcher.DispatcherService     : Dispatcher output: userId=im:feishu:ou_123, channel=echo, output=hello, durationMs=0
2026-03-20T18:41:05.633+08:00  INFO 55249 --- [MindOS] [main] c.z.m.a.api.im.ImWebhookControllerTest   : Starting ImWebhookControllerTest using Java 17.0.15 with PID 55249 (started by yuzhongbo in /Users/yuzhongbo/workspace/projects/MindOS/assistant-api)
2026-03-20T18:41:05.635+08:00  INFO 55249 --- [MindOS] [main] c.z.m.a.api.im.ImWebhookControllerTest   : No active profile set, falling back to 1 default profile: "default"
2026-03-20T18:41:06.485+08:00  INFO 55249 --- [MindOS] [main] c.z.m.a.skill.loader.CustomSkillLoader   : CustomSkillLoader: mindos.skills.custom-dir not set, skipping custom skill loading.
2026-03-20T18:41:06.954+08:00  INFO 55249 --- [MindOS] [main] o.s.b.t.m.w.SpringBootMockServletContext : Initializing Spring TestDispatcherServlet ''
2026-03-20T18:41:06.954+08:00  INFO 55249 --- [MindOS] [main] o.s.t.web.servlet.TestDispatcherServlet  : Initializing Servlet ''
2026-03-20T18:41:06.956+08:00  INFO 55249 --- [MindOS] [main] o.s.t.web.servlet.TestDispatcherServlet  : Completed initialization in 0 ms
2026-03-20T18:41:06.976+08:00  INFO 55249 --- [MindOS] [main] c.z.m.a.api.im.ImWebhookControllerTest   : Started ImWebhookControllerTest in 1.665 seconds (process running for 3.979)
2026-03-20T18:41:07.214+08:00  INFO 55249 --- [MindOS] [main] c.z.m.a.dispatcher.DispatcherService     : Dispatcher input: userId=im:wechat:fromUser, input=echo wechat
2026-03-20T18:41:07.218+08:00  INFO 55249 --- [MindOS] [main] c.z.m.a.dispatcher.DispatcherService     : Dispatcher route=rule, userId=im:wechat:fromUser, skill=echo
2026-03-20T18:41:07.222+08:00  INFO 55249 --- [MindOS] [pool-3-thread-1] c.z.mindos.assistant.skill.SkillEngine   : Skill execution started: skill=echo, userId=im:wechat:fromUser, parameters={text=wechat}, startTime=2026-03-20T10:41:07.219639Z
2026-03-20T18:41:07.228+08:00  INFO 55249 --- [MindOS] [pool-3-thread-1] c.z.mindos.assistant.skill.SkillEngine   : Skill execution finished: skill=echo, userId=im:wechat:fromUser, parameters={text=wechat}, startTime=2026-03-20T10:41:07.219639Z, endTime=2026-03-20T10:41:07.223724Z, durationMs=4, success=true
2026-03-20T18:41:07.233+08:00  INFO 55249 --- [MindOS] [pool-3-thread-1] c.z.m.a.dispatcher.DispatcherService     : Dispatcher output: userId=im:wechat:fromUser, channel=echo, output=wechat, durationMs=16
2026-03-20T18:41:07.266+08:00  INFO 55249 --- [MindOS] [main] c.z.m.a.dispatcher.DispatcherService     : Dispatcher input: userId=im:dingtalk:ding-user, input=echo hi
2026-03-20T18:41:07.267+08:00  INFO 55249 --- [MindOS] [main] c.z.m.a.dispatcher.DispatcherService     : Dispatcher route=rule, userId=im:dingtalk:ding-user, skill=echo
2026-03-20T18:41:07.273+08:00  INFO 55249 --- [MindOS] [pool-3-thread-2] c.z.mindos.assistant.skill.SkillEngine   : Skill execution started: skill=echo, userId=im:dingtalk:ding-user, parameters={text=hi}, startTime=2026-03-20T10:41:07.273489Z
2026-03-20T18:41:07.274+08:00  INFO 55249 --- [MindOS] [pool-3-thread-2] c.z.mindos.assistant.skill.SkillEngine   : Skill execution finished: skill=echo, userId=im:dingtalk:ding-user, parameters={text=hi}, startTime=2026-03-20T10:41:07.273489Z, endTime=2026-03-20T10:41:07.274020Z, durationMs=0, success=true
2026-03-20T18:41:07.274+08:00  INFO 55249 --- [MindOS] [pool-3-thread-2] c.z.m.a.dispatcher.DispatcherService     : Dispatcher output: userId=im:dingtalk:ding-user, channel=echo, output=hi, durationMs=8
2026-03-20T18:41:07.296+08:00  INFO 55249 --- [MindOS] [main] c.z.m.a.dispatcher.DispatcherService     : Dispatcher input: userId=im:feishu:ou_123, input=echo hello
2026-03-20T18:41:07.297+08:00  INFO 55249 --- [MindOS] [main] c.z.m.a.dispatcher.DispatcherService     : Dispatcher route=rule, userId=im:feishu:ou_123, skill=echo
2026-03-20T18:41:07.302+08:00  INFO 55249 --- [MindOS] [pool-3-thread-3] c.z.mindos.assistant.skill.SkillEngine   : Skill execution started: skill=echo, userId=im:feishu:ou_123, parameters={text=hello}, startTime=2026-03-20T10:41:07.302518Z
2026-03-20T18:41:07.303+08:00  INFO 55249 --- [MindOS] [pool-3-thread-3] c.z.mindos.assistant.skill.SkillEngine   : Skill execution finished: skill=echo, userId=im:feishu:ou_123, parameters={text=hello}, startTime=2026-03-20T10:41:07.302518Z, endTime=2026-03-20T10:41:07.303042Z, durationMs=0, success=true
2026-03-20T18:41:07.303+08:00  INFO 55249 --- [MindOS] [pool-3-thread-3] c.z.m.a.dispatcher.DispatcherService     : Dispatcher output: userId=im:feishu:ou_123, channel=echo, output=hello, durationMs=6
2026-03-20T18:43:49.787+08:00  INFO 55629 --- [MindOS] [main] c.z.m.a.api.im.ImWebhookControllerTest   : Starting ImWebhookControllerTest using Java 17.0.15 with PID 55629 (started by yuzhongbo in /Users/yuzhongbo/workspace/projects/MindOS/assistant-api)
2026-03-20T18:43:49.789+08:00  INFO 55629 --- [MindOS] [main] c.z.m.a.api.im.ImWebhookControllerTest   : No active profile set, falling back to 1 default profile: "default"
2026-03-20T18:43:50.826+08:00  INFO 55629 --- [MindOS] [main] c.z.m.a.skill.loader.CustomSkillLoader   : CustomSkillLoader: mindos.skills.custom-dir not set, skipping custom skill loading.
2026-03-20T18:43:51.626+08:00  INFO 55629 --- [MindOS] [main] o.s.b.t.m.w.SpringBootMockServletContext : Initializing Spring TestDispatcherServlet ''
2026-03-20T18:43:51.629+08:00  INFO 55629 --- [MindOS] [main] o.s.t.web.servlet.TestDispatcherServlet  : Initializing Servlet ''
2026-03-20T18:43:51.630+08:00  INFO 55629 --- [MindOS] [main] o.s.t.web.servlet.TestDispatcherServlet  : Completed initialization in 1 ms
2026-03-20T18:43:51.673+08:00  INFO 55629 --- [MindOS] [main] c.z.m.a.api.im.ImWebhookControllerTest   : Started ImWebhookControllerTest in 2.193 seconds (process running for 5.506)
2026-03-20T18:43:51.965+08:00  INFO 55629 --- [MindOS] [main] c.z.m.a.dispatcher.DispatcherService     : Dispatcher input: userId=im:wechat:fromUser, input=echo wechat
2026-03-20T18:43:51.971+08:00  INFO 55629 --- [MindOS] [main] c.z.m.a.dispatcher.DispatcherService     : Dispatcher route=rule, userId=im:wechat:fromUser, skill=echo
2026-03-20T18:43:51.980+08:00  INFO 55629 --- [MindOS] [pool-3-thread-1] c.z.mindos.assistant.skill.SkillEngine   : Skill execution started: skill=echo, userId=im:wechat:fromUser, parameters={text=wechat}, startTime=2026-03-20T10:43:51.977632Z
2026-03-20T18:43:51.984+08:00  INFO 55629 --- [MindOS] [pool-3-thread-1] c.z.mindos.assistant.skill.SkillEngine   : Skill execution finished: skill=echo, userId=im:wechat:fromUser, parameters={text=wechat}, startTime=2026-03-20T10:43:51.977632Z, endTime=2026-03-20T10:43:51.981457Z, durationMs=3, success=true
2026-03-20T18:43:51.991+08:00  INFO 55629 --- [MindOS] [pool-3-thread-1] c.z.m.a.dispatcher.DispatcherService     : Dispatcher output: userId=im:wechat:fromUser, channel=echo, output=wechat, durationMs=21
2026-03-20T18:43:52.036+08:00  INFO 55629 --- [MindOS] [main] c.z.m.a.dispatcher.DispatcherService     : Dispatcher input: userId=im:dingtalk:ding-user, input=echo hi
2026-03-20T18:43:52.037+08:00  INFO 55629 --- [MindOS] [main] c.z.m.a.dispatcher.DispatcherService     : Dispatcher route=rule, userId=im:dingtalk:ding-user, skill=echo
2026-03-20T18:43:52.038+08:00  INFO 55629 --- [MindOS] [pool-3-thread-2] c.z.mindos.assistant.skill.SkillEngine   : Skill execution started: skill=echo, userId=im:dingtalk:ding-user, parameters={text=hi}, startTime=2026-03-20T10:43:52.038512Z
2026-03-20T18:43:52.038+08:00  INFO 55629 --- [MindOS] [pool-3-thread-2] c.z.mindos.assistant.skill.SkillEngine   : Skill execution finished: skill=echo, userId=im:dingtalk:ding-user, parameters={text=hi}, startTime=2026-03-20T10:43:52.038512Z, endTime=2026-03-20T10:43:52.038780Z, durationMs=0, success=true
2026-03-20T18:43:52.039+08:00  INFO 55629 --- [MindOS] [pool-3-thread-2] c.z.m.a.dispatcher.DispatcherService     : Dispatcher output: userId=im:dingtalk:ding-user, channel=echo, output=hi, durationMs=2
2026-03-20T18:43:52.060+08:00  INFO 55629 --- [MindOS] [main] c.z.m.a.dispatcher.DispatcherService     : Dispatcher input: userId=im:feishu:ou_123, input=echo hello
2026-03-20T18:43:52.061+08:00  INFO 55629 --- [MindOS] [main] c.z.m.a.dispatcher.DispatcherService     : Dispatcher route=rule, userId=im:feishu:ou_123, skill=echo
2026-03-20T18:43:52.063+08:00  INFO 55629 --- [MindOS] [pool-3-thread-3] c.z.mindos.assistant.skill.SkillEngine   : Skill execution started: skill=echo, userId=im:feishu:ou_123, parameters={text=hello}, startTime=2026-03-20T10:43:52.063137Z
2026-03-20T18:43:52.063+08:00  INFO 55629 --- [MindOS] [pool-3-thread-3] c.z.mindos.assistant.skill.SkillEngine   : Skill execution finished: skill=echo, userId=im:feishu:ou_123, parameters={text=hello}, startTime=2026-03-20T10:43:52.063137Z, endTime=2026-03-20T10:43:52.063514Z, durationMs=0, success=true
2026-03-20T18:43:52.064+08:00  INFO 55629 --- [MindOS] [pool-3-thread-3] c.z.m.a.dispatcher.DispatcherService     : Dispatcher output: userId=im:feishu:ou_123, channel=echo, output=hello, durationMs=3
2026-03-20T18:44:51.510+08:00  INFO 55853 --- [MindOS] [main] c.z.m.a.api.im.ImWebhookControllerTest   : Starting ImWebhookControllerTest using Java 17.0.15 with PID 55853 (started by yuzhongbo in /Users/yuzhongbo/workspace/projects/MindOS/assistant-api)
2026-03-20T18:44:51.514+08:00  INFO 55853 --- [MindOS] [main] c.z.m.a.api.im.ImWebhookControllerTest   : No active profile set, falling back to 1 default profile: "default"
2026-03-20T18:44:52.470+08:00  INFO 55853 --- [MindOS] [main] c.z.m.a.skill.loader.CustomSkillLoader   : CustomSkillLoader: mindos.skills.custom-dir not set, skipping custom skill loading.
2026-03-20T18:44:53.241+08:00  INFO 55853 --- [MindOS] [main] o.s.b.t.m.w.SpringBootMockServletContext : Initializing Spring TestDispatcherServlet ''
2026-03-20T18:44:53.242+08:00  INFO 55853 --- [MindOS] [main] o.s.t.web.servlet.TestDispatcherServlet  : Initializing Servlet ''
2026-03-20T18:44:53.243+08:00  INFO 55853 --- [MindOS] [main] o.s.t.web.servlet.TestDispatcherServlet  : Completed initialization in 0 ms
2026-03-20T18:44:53.264+08:00  INFO 55853 --- [MindOS] [main] c.z.m.a.api.im.ImWebhookControllerTest   : Started ImWebhookControllerTest in 2.229 seconds (process running for 4.183)
2026-03-20T18:44:53.411+08:00  INFO 55853 --- [MindOS] [main] c.z.m.a.dispatcher.DispatcherService     : Dispatcher input: userId=im:wechat:fromUser, input=echo wechat
2026-03-20T18:44:53.414+08:00  INFO 55853 --- [MindOS] [main] c.z.m.a.dispatcher.DispatcherService     : Dispatcher route=rule, userId=im:wechat:fromUser, skill=echo
2026-03-20T18:44:53.418+08:00  INFO 55853 --- [MindOS] [pool-3-thread-1] c.z.mindos.assistant.skill.SkillEngine   : Skill execution started: skill=echo, userId=im:wechat:fromUser, parameters={text=wechat}, startTime=2026-03-20T10:44:53.416159Z
2026-03-20T18:44:53.421+08:00  INFO 55853 --- [MindOS] [pool-3-thread-1] c.z.mindos.assistant.skill.SkillEngine   : Skill execution finished: skill=echo, userId=im:wechat:fromUser, parameters={text=wechat}, startTime=2026-03-20T10:44:53.416159Z, endTime=2026-03-20T10:44:53.419293Z, durationMs=3, success=true
2026-03-20T18:44:53.423+08:00  INFO 55853 --- [MindOS] [pool-3-thread-1] c.z.m.a.dispatcher.DispatcherService     : Dispatcher output: userId=im:wechat:fromUser, channel=echo, output=wechat, durationMs=10
2026-03-20T18:44:53.429+08:00  INFO 55853 --- [MindOS] [main] c.z.m.a.dispatcher.DispatcherService     : Dispatcher input: userId=im:dingtalk:ding-user, input=echo hi
2026-03-20T18:44:53.429+08:00  INFO 55853 --- [MindOS] [main] c.z.m.a.dispatcher.DispatcherService     : Dispatcher route=rule, userId=im:dingtalk:ding-user, skill=echo
2026-03-20T18:44:53.430+08:00  INFO 55853 --- [MindOS] [pool-3-thread-2] c.z.mindos.assistant.skill.SkillEngine   : Skill execution started: skill=echo, userId=im:dingtalk:ding-user, parameters={text=hi}, startTime=2026-03-20T10:44:53.430833Z
2026-03-20T18:44:53.431+08:00  INFO 55853 --- [MindOS] [pool-3-thread-2] c.z.mindos.assistant.skill.SkillEngine   : Skill execution finished: skill=echo, userId=im:dingtalk:ding-user, parameters={text=hi}, startTime=2026-03-20T10:44:53.430833Z, endTime=2026-03-20T10:44:53.431309Z, durationMs=0, success=true
2026-03-20T18:44:53.432+08:00  INFO 55853 --- [MindOS] [pool-3-thread-2] c.z.m.a.dispatcher.DispatcherService     : Dispatcher output: userId=im:dingtalk:ding-user, channel=echo, output=hi, durationMs=2
2026-03-20T18:44:53.447+08:00  INFO 55853 --- [MindOS] [main] c.z.m.a.dispatcher.DispatcherService     : Dispatcher input: userId=im:feishu:ou_123, input=echo hello
2026-03-20T18:44:53.448+08:00  INFO 55853 --- [MindOS] [main] c.z.m.a.dispatcher.DispatcherService     : Dispatcher route=rule, userId=im:feishu:ou_123, skill=echo
2026-03-20T18:44:53.448+08:00  INFO 55853 --- [MindOS] [pool-3-thread-3] c.z.mindos.assistant.skill.SkillEngine   : Skill execution started: skill=echo, userId=im:feishu:ou_123, parameters={text=hello}, startTime=2026-03-20T10:44:53.448412Z
2026-03-20T18:44:53.448+08:00  INFO 55853 --- [MindOS] [pool-3-thread-3] c.z.mindos.assistant.skill.SkillEngine   : Skill execution finished: skill=echo, userId=im:feishu:ou_123, parameters={text=hello}, startTime=2026-03-20T10:44:53.448412Z, endTime=2026-03-20T10:44:53.448497Z, durationMs=0, success=true
2026-03-20T18:44:53.448+08:00  INFO 55853 --- [MindOS] [pool-3-thread-3] c.z.m.a.dispatcher.DispatcherService     : Dispatcher output: userId=im:feishu:ou_123, channel=echo, output=hello, durationMs=0
2026-03-20T18:50:11.951+08:00  INFO 56345 --- [MindOS] [main] c.z.m.a.api.im.ImWebhookControllerTest   : Starting ImWebhookControllerTest using Java 17.0.15 with PID 56345 (started by yuzhongbo in /Users/yuzhongbo/workspace/projects/MindOS/assistant-api)
2026-03-20T18:50:11.955+08:00  INFO 56345 --- [MindOS] [main] c.z.m.a.api.im.ImWebhookControllerTest   : No active profile set, falling back to 1 default profile: "default"
2026-03-20T18:50:12.873+08:00  INFO 56345 --- [MindOS] [main] c.z.m.a.skill.loader.CustomSkillLoader   : CustomSkillLoader: mindos.skills.custom-dir not set, skipping custom skill loading.
2026-03-20T18:50:13.611+08:00  INFO 56345 --- [MindOS] [main] o.s.b.t.m.w.SpringBootMockServletContext : Initializing Spring TestDispatcherServlet ''
2026-03-20T18:50:13.613+08:00  INFO 56345 --- [MindOS] [main] o.s.t.web.servlet.TestDispatcherServlet  : Initializing Servlet ''
2026-03-20T18:50:13.614+08:00  INFO 56345 --- [MindOS] [main] o.s.t.web.servlet.TestDispatcherServlet  : Completed initialization in 1 ms
2026-03-20T18:50:13.657+08:00  INFO 56345 --- [MindOS] [main] c.z.m.a.api.im.ImWebhookControllerTest   : Started ImWebhookControllerTest in 2.06 seconds (process running for 3.877)
2026-03-20T18:50:13.880+08:00  INFO 56345 --- [MindOS] [main] c.z.m.a.dispatcher.DispatcherService     : Dispatcher input: userId=im:wechat:fromUser, input=echo wechat
2026-03-20T18:50:13.884+08:00  INFO 56345 --- [MindOS] [main] c.z.m.a.dispatcher.DispatcherService     : Dispatcher route=rule, userId=im:wechat:fromUser, skill=echo
2026-03-20T18:50:13.889+08:00  INFO 56345 --- [MindOS] [pool-3-thread-1] c.z.mindos.assistant.skill.SkillEngine   : Skill execution started: skill=echo, userId=im:wechat:fromUser, parameters={text=wechat}, startTime=2026-03-20T10:50:13.886380Z
2026-03-20T18:50:13.899+08:00  INFO 56345 --- [MindOS] [pool-3-thread-1] c.z.mindos.assistant.skill.SkillEngine   : Skill execution finished: skill=echo, userId=im:wechat:fromUser, parameters={text=wechat}, startTime=2026-03-20T10:50:13.886380Z, endTime=2026-03-20T10:50:13.891459Z, durationMs=5, success=true
2026-03-20T18:50:13.904+08:00  INFO 56345 --- [MindOS] [pool-3-thread-1] c.z.m.a.dispatcher.DispatcherService     : Dispatcher output: userId=im:wechat:fromUser, channel=echo, output=wechat, durationMs=21
2026-03-20T18:50:13.913+08:00  INFO 56345 --- [MindOS] [main] c.z.m.a.dispatcher.DispatcherService     : Dispatcher input: userId=im:dingtalk:ding-user, input=echo hi
2026-03-20T18:50:13.914+08:00  INFO 56345 --- [MindOS] [main] c.z.m.a.dispatcher.DispatcherService     : Dispatcher route=rule, userId=im:dingtalk:ding-user, skill=echo
2026-03-20T18:50:13.915+08:00  INFO 56345 --- [MindOS] [pool-3-thread-2] c.z.mindos.assistant.skill.SkillEngine   : Skill execution started: skill=echo, userId=im:dingtalk:ding-user, parameters={text=hi}, startTime=2026-03-20T10:50:13.915746Z
2026-03-20T18:50:13.916+08:00  INFO 56345 --- [MindOS] [pool-3-thread-2] c.z.mindos.assistant.skill.SkillEngine   : Skill execution finished: skill=echo, userId=im:dingtalk:ding-user, parameters={text=hi}, startTime=2026-03-20T10:50:13.915746Z, endTime=2026-03-20T10:50:13.916177Z, durationMs=0, success=true
2026-03-20T18:50:13.916+08:00  INFO 56345 --- [MindOS] [pool-3-thread-2] c.z.m.a.dispatcher.DispatcherService     : Dispatcher output: userId=im:dingtalk:ding-user, channel=echo, output=hi, durationMs=3
2026-03-20T18:50:13.939+08:00  INFO 56345 --- [MindOS] [main] c.z.m.a.dispatcher.DispatcherService     : Dispatcher input: userId=im:feishu:ou_123, input=echo hello
2026-03-20T18:50:13.940+08:00  INFO 56345 --- [MindOS] [main] c.z.m.a.dispatcher.DispatcherService     : Dispatcher route=rule, userId=im:feishu:ou_123, skill=echo
2026-03-20T18:50:13.945+08:00  INFO 56345 --- [MindOS] [pool-3-thread-3] c.z.mindos.assistant.skill.SkillEngine   : Skill execution started: skill=echo, userId=im:feishu:ou_123, parameters={text=hello}, startTime=2026-03-20T10:50:13.945038Z
2026-03-20T18:50:13.945+08:00  INFO 56345 --- [MindOS] [pool-3-thread-3] c.z.mindos.assistant.skill.SkillEngine   : Skill execution finished: skill=echo, userId=im:feishu:ou_123, parameters={text=hello}, startTime=2026-03-20T10:50:13.945038Z, endTime=2026-03-20T10:50:13.945640Z, durationMs=0, success=true
2026-03-20T18:50:13.946+08:00  INFO 56345 --- [MindOS] [pool-3-thread-3] c.z.m.a.dispatcher.DispatcherService     : Dispatcher output: userId=im:feishu:ou_123, channel=echo, output=hello, durationMs=7
2026-03-20T18:54:45.322+08:00  INFO 56787 --- [MindOS] [main] c.z.m.a.api.im.ImWebhookControllerTest   : Starting ImWebhookControllerTest using Java 17.0.15 with PID 56787 (started by yuzhongbo in /Users/yuzhongbo/workspace/projects/MindOS/assistant-api)
2026-03-20T18:54:45.323+08:00  INFO 56787 --- [MindOS] [main] c.z.m.a.api.im.ImWebhookControllerTest   : No active profile set, falling back to 1 default profile: "default"
2026-03-20T18:54:45.893+08:00  INFO 56787 --- [MindOS] [main] c.z.m.a.skill.loader.CustomSkillLoader   : CustomSkillLoader: mindos.skills.custom-dir not set, skipping custom skill loading.
2026-03-20T18:54:46.338+08:00  INFO 56787 --- [MindOS] [main] o.s.b.t.m.w.SpringBootMockServletContext : Initializing Spring TestDispatcherServlet ''
2026-03-20T18:54:46.338+08:00  INFO 56787 --- [MindOS] [main] o.s.t.web.servlet.TestDispatcherServlet  : Initializing Servlet ''
2026-03-20T18:54:46.339+08:00  INFO 56787 --- [MindOS] [main] o.s.t.web.servlet.TestDispatcherServlet  : Completed initialization in 1 ms
2026-03-20T18:54:46.357+08:00  INFO 56787 --- [MindOS] [main] c.z.m.a.api.im.ImWebhookControllerTest   : Started ImWebhookControllerTest in 1.341 seconds (process running for 2.53)
2026-03-20T18:54:46.711+08:00  INFO 56787 --- [MindOS] [main] c.z.m.a.dispatcher.DispatcherService     : Dispatcher input: userId=im:wechat:fromUser, input=echo wechat
2026-03-20T18:54:46.726+08:00  INFO 56787 --- [MindOS] [main] c.z.m.a.dispatcher.DispatcherService     : Dispatcher route=rule, userId=im:wechat:fromUser, skill=echo
2026-03-20T18:54:46.733+08:00  INFO 56787 --- [MindOS] [pool-3-thread-1] c.z.mindos.assistant.skill.SkillEngine   : Skill execution started: skill=echo, userId=im:wechat:fromUser, parameters={text=wechat}, startTime=2026-03-20T10:54:46.729156Z
2026-03-20T18:54:46.738+08:00  INFO 56787 --- [MindOS] [pool-3-thread-1] c.z.mindos.assistant.skill.SkillEngine   : Skill execution finished: skill=echo, userId=im:wechat:fromUser, parameters={text=wechat}, startTime=2026-03-20T10:54:46.729156Z, endTime=2026-03-20T10:54:46.734474Z, durationMs=5, success=true
2026-03-20T18:54:46.742+08:00  INFO 56787 --- [MindOS] [pool-3-thread-1] c.z.m.a.dispatcher.DispatcherService     : Dispatcher output: userId=im:wechat:fromUser, channel=echo, output=wechat, durationMs=28
2026-03-20T18:54:46.751+08:00  INFO 56787 --- [MindOS] [main] c.z.m.a.dispatcher.DispatcherService     : Dispatcher input: userId=im:dingtalk:ding-user, input=echo hi
2026-03-20T18:54:46.752+08:00  INFO 56787 --- [MindOS] [main] c.z.m.a.dispatcher.DispatcherService     : Dispatcher route=rule, userId=im:dingtalk:ding-user, skill=echo
2026-03-20T18:54:46.754+08:00  INFO 56787 --- [MindOS] [pool-3-thread-2] c.z.mindos.assistant.skill.SkillEngine   : Skill execution started: skill=echo, userId=im:dingtalk:ding-user, parameters={text=hi}, startTime=2026-03-20T10:54:46.753699Z
2026-03-20T18:54:46.755+08:00  INFO 56787 --- [MindOS] [pool-3-thread-2] c.z.mindos.assistant.skill.SkillEngine   : Skill execution finished: skill=echo, userId=im:dingtalk:ding-user, parameters={text=hi}, startTime=2026-03-20T10:54:46.753699Z, endTime=2026-03-20T10:54:46.754921Z, durationMs=1, success=true
2026-03-20T18:54:46.756+08:00  INFO 56787 --- [MindOS] [pool-3-thread-2] c.z.m.a.dispatcher.DispatcherService     : Dispatcher output: userId=im:dingtalk:ding-user, channel=echo, output=hi, durationMs=4
2026-03-20T18:54:46.774+08:00  INFO 56787 --- [MindOS] [main] c.z.m.a.dispatcher.DispatcherService     : Dispatcher input: userId=im:feishu:ou_123, input=echo hello
2026-03-20T18:54:46.774+08:00  INFO 56787 --- [MindOS] [main] c.z.m.a.dispatcher.DispatcherService     : Dispatcher route=rule, userId=im:feishu:ou_123, skill=echo
2026-03-20T18:54:46.775+08:00  INFO 56787 --- [MindOS] [pool-3-thread-3] c.z.mindos.assistant.skill.SkillEngine   : Skill execution started: skill=echo, userId=im:feishu:ou_123, parameters={text=hello}, startTime=2026-03-20T10:54:46.775210Z
2026-03-20T18:54:46.775+08:00  INFO 56787 --- [MindOS] [pool-3-thread-3] c.z.mindos.assistant.skill.SkillEngine   : Skill execution finished: skill=echo, userId=im:feishu:ou_123, parameters={text=hello}, startTime=2026-03-20T10:54:46.775210Z, endTime=2026-03-20T10:54:46.775380Z, durationMs=0, success=true
2026-03-20T18:54:46.775+08:00  INFO 56787 --- [MindOS] [pool-3-thread-3] c.z.m.a.dispatcher.DispatcherService     : Dispatcher output: userId=im:feishu:ou_123, channel=echo, output=hello, durationMs=1
2026-03-20T18:58:44.938+08:00  INFO 57220 --- [MindOS] [main] c.z.m.a.api.im.ImWebhookControllerTest   : Starting ImWebhookControllerTest using Java 17.0.15 with PID 57220 (started by yuzhongbo in /Users/yuzhongbo/workspace/projects/MindOS/assistant-api)
2026-03-20T18:58:44.939+08:00  INFO 57220 --- [MindOS] [main] c.z.m.a.api.im.ImWebhookControllerTest   : No active profile set, falling back to 1 default profile: "default"
2026-03-20T18:58:45.849+08:00  INFO 57220 --- [MindOS] [main] c.z.m.a.skill.loader.CustomSkillLoader   : CustomSkillLoader: mindos.skills.custom-dir not set, skipping custom skill loading.
2026-03-20T18:58:46.693+08:00  INFO 57220 --- [MindOS] [main] o.s.b.t.m.w.SpringBootMockServletContext : Initializing Spring TestDispatcherServlet ''
2026-03-20T18:58:46.694+08:00  INFO 57220 --- [MindOS] [main] o.s.t.web.servlet.TestDispatcherServlet  : Initializing Servlet ''
2026-03-20T18:58:46.696+08:00  INFO 57220 --- [MindOS] [main] o.s.t.web.servlet.TestDispatcherServlet  : Completed initialization in 1 ms
2026-03-20T18:58:46.753+08:00  INFO 57220 --- [MindOS] [main] c.z.m.a.api.im.ImWebhookControllerTest   : Started ImWebhookControllerTest in 2.017 seconds (process running for 4.174)
2026-03-20T18:58:46.990+08:00  INFO 57220 --- [MindOS] [main] c.z.m.a.dispatcher.DispatcherService     : Dispatcher input: userId=im:wechat:fromUser, input=echo wechat
2026-03-20T18:58:46.996+08:00  INFO 57220 --- [MindOS] [main] c.z.m.a.dispatcher.DispatcherService     : Dispatcher route=rule, userId=im:wechat:fromUser, skill=echo
2026-03-20T18:58:47.002+08:00  INFO 57220 --- [MindOS] [pool-3-thread-1] c.z.mindos.assistant.skill.SkillEngine   : Skill execution started: skill=echo, userId=im:wechat:fromUser, parameters={text=wechat}, startTime=2026-03-20T10:58:46.998303Z
2026-03-20T18:58:47.011+08:00  INFO 57220 --- [MindOS] [pool-3-thread-1] c.z.mindos.assistant.skill.SkillEngine   : Skill execution finished: skill=echo, userId=im:wechat:fromUser, parameters={text=wechat}, startTime=2026-03-20T10:58:46.998303Z, endTime=2026-03-20T10:58:47.004225Z, durationMs=5, success=true
2026-03-20T18:58:47.015+08:00  INFO 57220 --- [MindOS] [pool-3-thread-1] c.z.m.a.dispatcher.DispatcherService     : Dispatcher output: userId=im:wechat:fromUser, channel=echo, output=wechat, durationMs=22
2026-03-20T18:58:47.025+08:00  INFO 57220 --- [MindOS] [main] c.z.m.a.dispatcher.DispatcherService     : Dispatcher input: userId=im:dingtalk:ding-user, input=echo hi
2026-03-20T18:58:47.026+08:00  INFO 57220 --- [MindOS] [main] c.z.m.a.dispatcher.DispatcherService     : Dispatcher route=rule, userId=im:dingtalk:ding-user, skill=echo
2026-03-20T18:58:47.028+08:00  INFO 57220 --- [MindOS] [pool-3-thread-2] c.z.mindos.assistant.skill.SkillEngine   : Skill execution started: skill=echo, userId=im:dingtalk:ding-user, parameters={text=hi}, startTime=2026-03-20T10:58:47.028298Z
2026-03-20T18:58:47.028+08:00  INFO 57220 --- [MindOS] [pool-3-thread-2] c.z.mindos.assistant.skill.SkillEngine   : Skill execution finished: skill=echo, userId=im:dingtalk:ding-user, parameters={text=hi}, startTime=2026-03-20T10:58:47.028298Z, endTime=2026-03-20T10:58:47.028598Z, durationMs=0, success=true
2026-03-20T18:58:47.029+08:00  INFO 57220 --- [MindOS] [pool-3-thread-2] c.z.m.a.dispatcher.DispatcherService     : Dispatcher output: userId=im:dingtalk:ding-user, channel=echo, output=hi, durationMs=3
2026-03-20T18:58:47.050+08:00  INFO 57220 --- [MindOS] [main] c.z.m.a.dispatcher.DispatcherService     : Dispatcher input: userId=im:feishu:ou_123, input=echo hello
2026-03-20T18:58:47.050+08:00  INFO 57220 --- [MindOS] [main] c.z.m.a.dispatcher.DispatcherService     : Dispatcher route=rule, userId=im:feishu:ou_123, skill=echo
2026-03-20T18:58:47.050+08:00  INFO 57220 --- [MindOS] [pool-3-thread-3] c.z.mindos.assistant.skill.SkillEngine   : Skill execution started: skill=echo, userId=im:feishu:ou_123, parameters={text=hello}, startTime=2026-03-20T10:58:47.050830Z
2026-03-20T18:58:47.050+08:00  INFO 57220 --- [MindOS] [pool-3-thread-3] c.z.mindos.assistant.skill.SkillEngine   : Skill execution finished: skill=echo, userId=im:feishu:ou_123, parameters={text=hello}, startTime=2026-03-20T10:58:47.050830Z, endTime=2026-03-20T10:58:47.050921Z, durationMs=0, success=true
2026-03-20T18:58:47.051+08:00  INFO 57220 --- [MindOS] [pool-3-thread-3] c.z.m.a.dispatcher.DispatcherService     : Dispatcher output: userId=im:feishu:ou_123, channel=echo, output=hello, durationMs=1
2026-03-20T19:03:50.872+08:00  INFO 57768 --- [MindOS] [main] c.z.m.a.api.im.ImWebhookControllerTest   : Starting ImWebhookControllerTest using Java 17.0.15 with PID 57768 (started by yuzhongbo in /Users/yuzhongbo/workspace/projects/MindOS/assistant-api)
2026-03-20T19:03:50.873+08:00  INFO 57768 --- [MindOS] [main] c.z.m.a.api.im.ImWebhookControllerTest   : No active profile set, falling back to 1 default profile: "default"
2026-03-20T19:03:51.810+08:00  INFO 57768 --- [MindOS] [main] c.z.m.a.skill.loader.CustomSkillLoader   : CustomSkillLoader: mindos.skills.custom-dir not set, skipping custom skill loading.
2026-03-20T19:03:52.669+08:00  INFO 57768 --- [MindOS] [main] o.s.b.t.m.w.SpringBootMockServletContext : Initializing Spring TestDispatcherServlet ''
2026-03-20T19:03:52.671+08:00  INFO 57768 --- [MindOS] [main] o.s.t.web.servlet.TestDispatcherServlet  : Initializing Servlet ''
2026-03-20T19:03:52.672+08:00  INFO 57768 --- [MindOS] [main] o.s.t.web.servlet.TestDispatcherServlet  : Completed initialization in 1 ms
2026-03-20T19:03:52.694+08:00  INFO 57768 --- [MindOS] [main] c.z.m.a.api.im.ImWebhookControllerTest   : Started ImWebhookControllerTest in 2.013 seconds (process running for 4.092)
2026-03-20T19:03:52.952+08:00  INFO 57768 --- [MindOS] [main] c.z.m.a.dispatcher.DispatcherService     : Dispatcher input: userId=im:wechat:fromUser, input=echo wechat
2026-03-20T19:03:52.957+08:00  INFO 57768 --- [MindOS] [main] c.z.m.a.dispatcher.DispatcherService     : Dispatcher route=rule, userId=im:wechat:fromUser, skill=echo
2026-03-20T19:03:52.959+08:00  INFO 57768 --- [MindOS] [pool-3-thread-1] c.z.mindos.assistant.skill.SkillEngine   : Skill execution started: skill=echo, userId=im:wechat:fromUser, parameters={text=wechat}, startTime=2026-03-20T11:03:52.959230Z
2026-03-20T19:03:52.965+08:00  INFO 57768 --- [MindOS] [pool-3-thread-1] c.z.mindos.assistant.skill.SkillEngine   : Skill execution finished: skill=echo, userId=im:wechat:fromUser, parameters={text=wechat}, startTime=2026-03-20T11:03:52.959230Z, endTime=2026-03-20T11:03:52.960297Z, durationMs=1, success=true
2026-03-20T19:03:52.969+08:00  INFO 57768 --- [MindOS] [pool-3-thread-1] c.z.m.a.dispatcher.DispatcherService     : Dispatcher output: userId=im:wechat:fromUser, channel=echo, output=wechat, durationMs=15
2026-03-20T19:03:52.982+08:00  INFO 57768 --- [MindOS] [main] c.z.m.a.dispatcher.DispatcherService     : Dispatcher input: userId=im:dingtalk:ding-user, input=echo hi
2026-03-20T19:03:52.983+08:00  INFO 57768 --- [MindOS] [main] c.z.m.a.dispatcher.DispatcherService     : Dispatcher route=rule, userId=im:dingtalk:ding-user, skill=echo
2026-03-20T19:03:52.984+08:00  INFO 57768 --- [MindOS] [pool-3-thread-2] c.z.mindos.assistant.skill.SkillEngine   : Skill execution started: skill=echo, userId=im:dingtalk:ding-user, parameters={text=hi}, startTime=2026-03-20T11:03:52.983934Z
2026-03-20T19:03:52.984+08:00  INFO 57768 --- [MindOS] [pool-3-thread-2] c.z.mindos.assistant.skill.SkillEngine   : Skill execution finished: skill=echo, userId=im:dingtalk:ding-user, parameters={text=hi}, startTime=2026-03-20T11:03:52.983934Z, endTime=2026-03-20T11:03:52.984420Z, durationMs=0, success=true
2026-03-20T19:03:52.984+08:00  INFO 57768 --- [MindOS] [pool-3-thread-2] c.z.m.a.dispatcher.DispatcherService     : Dispatcher output: userId=im:dingtalk:ding-user, channel=echo, output=hi, durationMs=1
2026-03-20T19:03:53.005+08:00  INFO 57768 --- [MindOS] [main] c.z.m.a.dispatcher.DispatcherService     : Dispatcher input: userId=im:feishu:ou_123, input=echo hello
2026-03-20T19:03:53.007+08:00  INFO 57768 --- [MindOS] [main] c.z.m.a.dispatcher.DispatcherService     : Dispatcher route=rule, userId=im:feishu:ou_123, skill=echo
2026-03-20T19:03:53.010+08:00  INFO 57768 --- [MindOS] [pool-3-thread-3] c.z.mindos.assistant.skill.SkillEngine   : Skill execution started: skill=echo, userId=im:feishu:ou_123, parameters={text=hello}, startTime=2026-03-20T11:03:53.010521Z
2026-03-20T19:03:53.011+08:00  INFO 57768 --- [MindOS] [pool-3-thread-3] c.z.mindos.assistant.skill.SkillEngine   : Skill execution finished: skill=echo, userId=im:feishu:ou_123, parameters={text=hello}, startTime=2026-03-20T11:03:53.010521Z, endTime=2026-03-20T11:03:53.011109Z, durationMs=0, success=true
2026-03-20T19:03:53.011+08:00  INFO 57768 --- [MindOS] [pool-3-thread-3] c.z.m.a.dispatcher.DispatcherService     : Dispatcher output: userId=im:feishu:ou_123, channel=echo, output=hello, durationMs=6
2026-03-20T19:10:17.752+08:00  INFO 58104 --- [MindOS] [main] c.z.m.a.api.im.ImWebhookControllerTest   : Starting ImWebhookControllerTest using Java 17.0.15 with PID 58104 (started by yuzhongbo in /Users/yuzhongbo/workspace/projects/MindOS/assistant-api)
2026-03-20T19:10:17.754+08:00  INFO 58104 --- [MindOS] [main] c.z.m.a.api.im.ImWebhookControllerTest   : No active profile set, falling back to 1 default profile: "default"
2026-03-20T19:10:18.621+08:00  INFO 58104 --- [MindOS] [main] c.z.m.a.skill.loader.CustomSkillLoader   : CustomSkillLoader: mindos.skills.custom-dir not set, skipping custom skill loading.
2026-03-20T19:10:19.037+08:00  INFO 58104 --- [MindOS] [main] o.s.b.t.m.w.SpringBootMockServletContext : Initializing Spring TestDispatcherServlet ''
2026-03-20T19:10:19.038+08:00  INFO 58104 --- [MindOS] [main] o.s.t.web.servlet.TestDispatcherServlet  : Initializing Servlet ''
2026-03-20T19:10:19.038+08:00  INFO 58104 --- [MindOS] [main] o.s.t.web.servlet.TestDispatcherServlet  : Completed initialization in 0 ms
2026-03-20T19:10:19.052+08:00  INFO 58104 --- [MindOS] [main] c.z.m.a.api.im.ImWebhookControllerTest   : Started ImWebhookControllerTest in 1.667 seconds (process running for 3.935)
2026-03-20T19:10:19.272+08:00  INFO 58104 --- [MindOS] [main] c.z.m.a.dispatcher.DispatcherService     : Dispatcher input: userId=im:wechat:fromUser, input=echo wechat
2026-03-20T19:10:19.277+08:00  INFO 58104 --- [MindOS] [main] c.z.m.a.dispatcher.DispatcherService     : Dispatcher route=rule, userId=im:wechat:fromUser, skill=echo
2026-03-20T19:10:19.278+08:00  INFO 58104 --- [MindOS] [pool-3-thread-1] c.z.mindos.assistant.skill.SkillEngine   : Skill execution started: skill=echo, userId=im:wechat:fromUser, parameters={text=wechat}, startTime=2026-03-20T11:10:19.278345Z
2026-03-20T19:10:19.283+08:00  INFO 58104 --- [MindOS] [pool-3-thread-1] c.z.mindos.assistant.skill.SkillEngine   : Skill execution finished: skill=echo, userId=im:wechat:fromUser, parameters={text=wechat}, startTime=2026-03-20T11:10:19.278345Z, endTime=2026-03-20T11:10:19.279711Z, durationMs=1, success=true
2026-03-20T19:10:19.289+08:00  INFO 58104 --- [MindOS] [pool-3-thread-1] c.z.m.a.dispatcher.DispatcherService     : Dispatcher output: userId=im:wechat:fromUser, channel=echo, output=wechat, durationMs=13
2026-03-20T19:10:19.308+08:00  INFO 58104 --- [MindOS] [main] c.z.m.a.dispatcher.DispatcherService     : Dispatcher input: userId=im:dingtalk:ding-user, input=echo hi
2026-03-20T19:10:19.309+08:00  INFO 58104 --- [MindOS] [main] c.z.m.a.dispatcher.DispatcherService     : Dispatcher route=rule, userId=im:dingtalk:ding-user, skill=echo
2026-03-20T19:10:19.309+08:00  INFO 58104 --- [MindOS] [pool-3-thread-2] c.z.mindos.assistant.skill.SkillEngine   : Skill execution started: skill=echo, userId=im:dingtalk:ding-user, parameters={text=hi}, startTime=2026-03-20T11:10:19.309786Z
2026-03-20T19:10:19.310+08:00  INFO 58104 --- [MindOS] [pool-3-thread-2] c.z.mindos.assistant.skill.SkillEngine   : Skill execution finished: skill=echo, userId=im:dingtalk:ding-user, parameters={text=hi}, startTime=2026-03-20T11:10:19.309786Z, endTime=2026-03-20T11:10:19.310151Z, durationMs=0, success=true
2026-03-20T19:10:19.310+08:00  INFO 58104 --- [MindOS] [pool-3-thread-2] c.z.m.a.dispatcher.DispatcherService     : Dispatcher output: userId=im:dingtalk:ding-user, channel=echo, output=hi, durationMs=2
2026-03-20T19:10:19.341+08:00  INFO 58104 --- [MindOS] [main] c.z.m.a.dispatcher.DispatcherService     : Dispatcher input: userId=im:feishu:ou_123, input=echo hello
2026-03-20T19:10:19.342+08:00  INFO 58104 --- [MindOS] [main] c.z.m.a.dispatcher.DispatcherService     : Dispatcher route=rule, userId=im:feishu:ou_123, skill=echo
2026-03-20T19:10:19.343+08:00  INFO 58104 --- [MindOS] [pool-3-thread-3] c.z.mindos.assistant.skill.SkillEngine   : Skill execution started: skill=echo, userId=im:feishu:ou_123, parameters={text=hello}, startTime=2026-03-20T11:10:19.343613Z
2026-03-20T19:10:19.343+08:00  INFO 58104 --- [MindOS] [pool-3-thread-3] c.z.mindos.assistant.skill.SkillEngine   : Skill execution finished: skill=echo, userId=im:feishu:ou_123, parameters={text=hello}, startTime=2026-03-20T11:10:19.343613Z, endTime=2026-03-20T11:10:19.343788Z, durationMs=0, success=true
2026-03-20T19:10:19.344+08:00  INFO 58104 --- [MindOS] [pool-3-thread-3] c.z.m.a.dispatcher.DispatcherService     : Dispatcher output: userId=im:feishu:ou_123, channel=echo, output=hello, durationMs=2
2026-03-20T19:16:43.752+08:00  INFO 58893 --- [MindOS] [main] c.z.m.a.api.im.ImWebhookControllerTest   : Starting ImWebhookControllerTest using Java 17.0.15 with PID 58893 (started by yuzhongbo in /Users/yuzhongbo/workspace/projects/MindOS/assistant-api)
2026-03-20T19:16:43.755+08:00  INFO 58893 --- [MindOS] [main] c.z.m.a.api.im.ImWebhookControllerTest   : No active profile set, falling back to 1 default profile: "default"
2026-03-20T19:16:44.388+08:00  INFO 58893 --- [MindOS] [main] c.z.m.a.skill.loader.CustomSkillLoader   : CustomSkillLoader: mindos.skills.custom-dir not set, skipping custom skill loading.
2026-03-20T19:16:45.109+08:00  INFO 58893 --- [MindOS] [main] o.s.b.t.m.w.SpringBootMockServletContext : Initializing Spring TestDispatcherServlet ''
2026-03-20T19:16:45.112+08:00  INFO 58893 --- [MindOS] [main] o.s.t.web.servlet.TestDispatcherServlet  : Initializing Servlet ''
2026-03-20T19:16:45.115+08:00  INFO 58893 --- [MindOS] [main] o.s.t.web.servlet.TestDispatcherServlet  : Completed initialization in 1 ms
2026-03-20T19:16:45.149+08:00  INFO 58893 --- [MindOS] [main] c.z.m.a.api.im.ImWebhookControllerTest   : Started ImWebhookControllerTest in 1.766 seconds (process running for 4.368)
2026-03-20T19:16:45.406+08:00  INFO 58893 --- [MindOS] [main] c.z.m.a.dispatcher.DispatcherService     : Dispatcher input: userId=im:wechat:fromUser, input=echo wechat
2026-03-20T19:16:45.411+08:00  INFO 58893 --- [MindOS] [main] c.z.m.a.dispatcher.DispatcherService     : Dispatcher route=rule, userId=im:wechat:fromUser, skill=echo
2026-03-20T19:16:45.415+08:00  INFO 58893 --- [MindOS] [pool-3-thread-1] c.z.mindos.assistant.skill.SkillEngine   : Skill execution started: skill=echo, userId=im:wechat:fromUser, parameters={text=wechat}, startTime=2026-03-20T11:16:45.414022Z
2026-03-20T19:16:45.420+08:00  INFO 58893 --- [MindOS] [pool-3-thread-1] c.z.mindos.assistant.skill.SkillEngine   : Skill execution finished: skill=echo, userId=im:wechat:fromUser, parameters={text=wechat}, startTime=2026-03-20T11:16:45.414022Z, endTime=2026-03-20T11:16:45.416190Z, durationMs=2, success=true
2026-03-20T19:16:45.425+08:00  INFO 58893 --- [MindOS] [pool-3-thread-1] c.z.m.a.dispatcher.DispatcherService     : Dispatcher output: userId=im:wechat:fromUser, channel=echo, output=wechat, durationMs=15
2026-03-20T19:16:45.447+08:00  INFO 58893 --- [MindOS] [main] c.z.m.a.dispatcher.DispatcherService     : Dispatcher input: userId=im:dingtalk:ding-user, input=echo hi
2026-03-20T19:16:45.447+08:00  INFO 58893 --- [MindOS] [main] c.z.m.a.dispatcher.DispatcherService     : Dispatcher route=rule, userId=im:dingtalk:ding-user, skill=echo
2026-03-20T19:16:45.448+08:00  INFO 58893 --- [MindOS] [pool-3-thread-2] c.z.mindos.assistant.skill.SkillEngine   : Skill execution started: skill=echo, userId=im:dingtalk:ding-user, parameters={text=hi}, startTime=2026-03-20T11:16:45.448129Z
2026-03-20T19:16:45.448+08:00  INFO 58893 --- [MindOS] [pool-3-thread-2] c.z.mindos.assistant.skill.SkillEngine   : Skill execution finished: skill=echo, userId=im:dingtalk:ding-user, parameters={text=hi}, startTime=2026-03-20T11:16:45.448129Z, endTime=2026-03-20T11:16:45.448549Z, durationMs=0, success=true
2026-03-20T19:16:45.449+08:00  INFO 58893 --- [MindOS] [pool-3-thread-2] c.z.m.a.dispatcher.DispatcherService     : Dispatcher output: userId=im:dingtalk:ding-user, channel=echo, output=hi, durationMs=2
2026-03-20T19:16:45.480+08:00  INFO 58893 --- [MindOS] [main] c.z.m.a.dispatcher.DispatcherService     : Dispatcher input: userId=im:feishu:ou_123, input=echo hello
2026-03-20T19:16:45.483+08:00  INFO 58893 --- [MindOS] [main] c.z.m.a.dispatcher.DispatcherService     : Dispatcher route=rule, userId=im:feishu:ou_123, skill=echo
2026-03-20T19:16:45.485+08:00  INFO 58893 --- [MindOS] [pool-3-thread-3] c.z.mindos.assistant.skill.SkillEngine   : Skill execution started: skill=echo, userId=im:feishu:ou_123, parameters={text=hello}, startTime=2026-03-20T11:16:45.485177Z
2026-03-20T19:16:45.486+08:00  INFO 58893 --- [MindOS] [pool-3-thread-3] c.z.mindos.assistant.skill.SkillEngine   : Skill execution finished: skill=echo, userId=im:feishu:ou_123, parameters={text=hello}, startTime=2026-03-20T11:16:45.485177Z, endTime=2026-03-20T11:16:45.486111Z, durationMs=0, success=true
2026-03-20T19:16:45.486+08:00  INFO 58893 --- [MindOS] [pool-3-thread-3] c.z.m.a.dispatcher.DispatcherService     : Dispatcher output: userId=im:feishu:ou_123, channel=echo, output=hello, durationMs=6
